<?xml version="1.0" encoding="UTF-8" ?>
<testsuites disabled="0" errors="0" failures="2" tests="5" time="10.047">
 <testsuite name="NPM Package registry integration tests" timestamp="2019-01-08T21:15:18" hostname="localhost" time="0.015" errors="0" tests="0" skipped="0" disabled="0" failures="0">
 </testsuite>
 <testsuite name="NPM Package registry integration tests" timestamp="2019-01-08T21:15:18" hostname="localhost" time="10.032" errors="0" tests="5" skipped="0" disabled="0" failures="2">
  <testcase classname="NPM Package registry integration tests" name="test that packages can be found in the registry" time="3.138" />
  <testcase classname="NPM Package registry integration tests" name="test that packages can be found in the registry for multiple keywords" time="3.694" />
  <testcase classname="NPM Package registry integration tests" name="test that not finding any result does not result in an error" time="3.17" />
  <testcase classname="NPM Package registry integration tests" name="test package json can be retrieved using npm view" time="0.01">
   <failure type="exception" message="Failed: Method not implemented."><![CDATA[Error: Method not implemented.
    at NpmPackageRegistry.viewDetailsOf (c:\work\data\moduleconf\web\npm-search-test\src\npm\npm-package-registry.ts:16:15)
    at Object.<anonymous> (c:\work\data\moduleconf\web\npm-search-test\src\npm\package-registry-integration.spec.ts:67:46)
    at step (c:\work\data\moduleconf\web\npm-search-test\src\npm\package-registry-integration.spec.ts:32:23)
    at Object.next (c:\work\data\moduleconf\web\npm-search-test\src\npm\package-registry-integration.spec.ts:13:53)
    at c:\work\data\moduleconf\web\npm-search-test\src\npm\package-registry-integration.spec.ts:7:71
    at <Jasmine>
    at __awaiter (c:\work\data\moduleconf\web\npm-search-test\src\npm\package-registry-integration.spec.ts:3:12)
    at c:\work\data\moduleconf\web\npm-search-test\src\npm\package-registry-integration.spec.ts:62:70
    at UserContext.<anonymous> (c:\work\data\moduleconf\web\npm-search-test\src\npm\package-registry-integration.spec.ts:8:7)
    at <Jasmine>]]>
   </failure>
  </testcase>
  <testcase classname="NPM Package registry integration tests" name="test specific tags can be retrieved from a package" time="0.001">
   <failure type="exception" message="Failed: Method not implemented."><![CDATA[Error: Method not implemented.
    at NpmPackageRegistry.viewDetailsOf (c:\work\data\moduleconf\web\npm-search-test\src\npm\npm-package-registry.ts:16:15)
    at Object.<anonymous> (c:\work\data\moduleconf\web\npm-search-test\src\npm\package-registry-integration.spec.ts:82:46)
    at step (c:\work\data\moduleconf\web\npm-search-test\src\npm\package-registry-integration.spec.ts:32:23)
    at Object.next (c:\work\data\moduleconf\web\npm-search-test\src\npm\package-registry-integration.spec.ts:13:53)
    at c:\work\data\moduleconf\web\npm-search-test\src\npm\package-registry-integration.spec.ts:7:71
    at <Jasmine>
    at __awaiter (c:\work\data\moduleconf\web\npm-search-test\src\npm\package-registry-integration.spec.ts:3:12)
    at c:\work\data\moduleconf\web\npm-search-test\src\npm\package-registry-integration.spec.ts:77:71
    at UserContext.<anonymous> (c:\work\data\moduleconf\web\npm-search-test\src\npm\package-registry-integration.spec.ts:8:7)
    at <Jasmine>]]>
   </failure>
  </testcase>
 </testsuite>
</testsuites>